<?xml version="1.0" encoding="UTF-8"?>
<testng-results skipped="0" failed="0" ignored="0" total="1" passed="1">
  <reporter-output>
  </reporter-output>
  <suite name="Default suite" duration-ms="11553" started-at="2019-09-25T11:28:16 IST" finished-at="2019-09-25T11:28:28 IST">
    <groups>
    </groups>
    <test name="Default test" duration-ms="11553" started-at="2019-09-25T11:28:16 IST" finished-at="2019-09-25T11:28:28 IST">
      <class name="PageObjectModel_Day2.PageObject2">
        <test-method status="PASS" signature="f()[pri:0, instance:PageObjectModel_Day2.PageObject2@3701eaf6]" name="f" duration-ms="11466" started-at="2019-09-25T11:28:17 IST" finished-at="2019-09-25T11:28:28 IST">
          <reporter-output>
          </reporter-output>
        </test-method> <!-- f -->
      </class> <!-- PageObjectModel_Day2.PageObject2 -->
    </test> <!-- Default test -->
  </suite> <!-- Default suite -->
</testng-results>
